Start testing: Jun 21 20:59 中国标准时间
----------------------------------------------------------
1/3 Testing: test_hash_map
1/3 Test: test_hash_map
Command: "D:/Desktop/myjql_ori/build/test/Release/test_hash_map.exe"
Directory: D:/Desktop/myjql_ori - 鍓湰/build/test
"test_hash_map" start time: Jun 21 20:59 中国标准时间
Output:
----------------------------------------------------------
max_val = 128
max_val = 128
max_val = 128
max_val = 128
END OF TEST
<end of output>
Test time = 163.42 sec
----------------------------------------------------------
Test Passed.
"test_hash_map" end time: Jun 21 21:02 中国标准时间
"test_hash_map" time elapsed: 00:02:43
----------------------------------------------------------

2/3 Testing: test_str
2/3 Test: test_str
Command: "D:/Desktop/myjql_ori/build/test/Release/test_str.exe"
Directory: D:/Desktop/myjql_ori - 鍓湰/build/test
"test_str" start time: Jun 21 21:02 中国标准时间
Output:
----------------------------------------------------------
END OF TEST
<end of output>
Test time =  90.83 sec
----------------------------------------------------------
Test Passed.
"test_str" end time: Jun 21 21:04 中国标准时间
"test_str" time elapsed: 00:01:30
----------------------------------------------------------

3/3 Testing: test_b_tree
3/3 Test: test_b_tree
Command: "D:/Desktop/myjql_ori/build/test/Release/test_b_tree.exe"
Directory: D:/Desktop/myjql_ori - 鍓湰/build/test
"test_b_tree" start time: Jun 21 21:04 中国标准时间
Output:
----------------------------------------------------------
PAGE_SIZE = 128
DEGREE = 2
BNode size: 104
END OF TEST
<end of output>
Test time =  68.69 sec
----------------------------------------------------------
Test Passed.
"test_b_tree" end time: Jun 21 21:05 中国标准时间
"test_b_tree" time elapsed: 00:01:08
----------------------------------------------------------

End testing: Jun 21 21:05 中国标准时间
